INFO6/standalone toplevel @local|fl31ca105gc1401_5000/fl31ca105gs1404 [+10.3s]: target: button: initializing target extension
INFO5/standalone toplevel @local|fl31ca105gc1401_5000/fl31ca105gs1404 [+10.3s]: target: button: initialized target extension
INFO6/standalone toplevel @local|fl31ca105gc1401_5000/fl31ca105gs1404 [+10.3s]: target: capture: initializing target extension
INFO5/standalone toplevel @local|fl31ca105gc1401_5000/fl31ca105gs1404 [+10.3s]: target: capture: initialized target extension
INFO6/standalone toplevel @local|fl31ca105gc1401_5000/fl31ca105gs1404 [+10.3s]: target: certs: initializing target extension
INFO5/standalone toplevel @local|fl31ca105gc1401_5000/fl31ca105gs1404 [+10.3s]: target: certs: initialized target extension
INFO6/standalone toplevel @local|fl31ca105gc1401_5000/fl31ca105gs1404 [+10.3s]: target: console: initializing target extension
INFO3/standalone toplevel @local|fl31ca105gc1401_5000/fl31ca105gs1404 [+11.3s]: reading property 'interfaces.console.default'
INFO4/standalone toplevel @local|fl31ca105gc1401_5000/fl31ca105gs1404 [+11.6s]: read property 'interfaces.console.default': 'None' [None]
INFO5/standalone toplevel @local|fl31ca105gc1401_5000/fl31ca105gs1404 [+11.6s]: target: console: initialized target extension
INFO6/standalone toplevel @local|fl31ca105gc1401_5000/fl31ca105gs1404 [+11.6s]: target: debug: initializing target extension
INFO5/standalone toplevel @local|fl31ca105gc1401_5000/fl31ca105gs1404 [+11.6s]: target: debug: unneeded target extension
INFO6/standalone toplevel @local|fl31ca105gc1401_5000/fl31ca105gs1404 [+11.6s]: target: fastboot: initializing target extension
INFO5/standalone toplevel @local|fl31ca105gc1401_5000/fl31ca105gs1404 [+11.6s]: target: fastboot: unneeded target extension
INFO6/standalone toplevel @local|fl31ca105gc1401_5000/fl31ca105gs1404 [+11.6s]: target: images: initializing target extension
INFO5/standalone toplevel @local|fl31ca105gc1401_5000/fl31ca105gs1404 [+11.6s]: target: images: initialized target extension
INFO6/standalone toplevel @local|fl31ca105gc1401_5000/fl31ca105gs1404 [+11.6s]: target: input: initializing target extension
INFO5/standalone toplevel @local|fl31ca105gc1401_5000/fl31ca105gs1404 [+11.6s]: target: input: initialized target extension
INFO6/standalone toplevel @local|fl31ca105gc1401_5000/fl31ca105gs1404 [+11.6s]: target: shell: initializing target extension
INFO5/standalone toplevel @local|fl31ca105gc1401_5000/fl31ca105gs1404 [+11.6s]: target: shell: initialized target extension
INFO6/standalone toplevel @local|fl31ca105gc1401_5000/fl31ca105gs1404 [+11.6s]: target: ssh: initializing target extension
INFO5/standalone toplevel @local|fl31ca105gc1401_5000/fl31ca105gs1404 [+11.6s]: target: ssh: initialized target extension
INFO6/standalone toplevel @local|fl31ca105gc1401_5000/fl31ca105gs1404 [+11.6s]: target: store: initializing target extension
INFO5/standalone toplevel @local|fl31ca105gc1401_5000/fl31ca105gs1404 [+11.6s]: target: store: initialized target extension
INFO6/standalone toplevel @local|fl31ca105gc1401_5000/fl31ca105gs1404 [+11.6s]: target: power: initializing target extension
INFO5/standalone toplevel @local|fl31ca105gc1401_5000/fl31ca105gs1404 [+11.6s]: target: power: initialized target extension
INFO6/standalone toplevel @local|fl31ca105gc1401_5000/fl31ca105gs1404 [+11.6s]: target: things: initializing target extension
INFO5/standalone toplevel @local|fl31ca105gc1401_5000/fl31ca105gs1404 [+11.6s]: target: things: unneeded target extension
INFO6/standalone toplevel @local|fl31ca105gc1401_5000/fl31ca105gs1404 [+11.6s]: target: tunnel: initializing target extension
INFO5/standalone toplevel @local|fl31ca105gc1401_5000/fl31ca105gs1404 [+11.6s]: target: tunnel: initialized target extension
INFO6/standalone toplevel @local|fl31ca105gc1401_5000/fl31ca105gs1404 [+11.6s]: target: pos: initializing target extension
INFO5/standalone toplevel @local|fl31ca105gc1401_5000/fl31ca105gs1404 [+11.6s]: target: pos: initialized target extension
INFO6/standalone toplevel @local|fl31ca105gc1401_5000/fl31ca105gw1401-nw9 [+0.0s]: target: button: initializing target extension
INFO5/standalone toplevel @local|fl31ca105gc1401_5000/fl31ca105gw1401-nw9 [+0.0s]: target: button: unneeded target extension
INFO6/standalone toplevel @local|fl31ca105gc1401_5000/fl31ca105gw1401-nw9 [+0.0s]: target: capture: initializing target extension
INFO5/standalone toplevel @local|fl31ca105gc1401_5000/fl31ca105gw1401-nw9 [+0.0s]: target: capture: unneeded target extension
INFO6/standalone toplevel @local|fl31ca105gc1401_5000/fl31ca105gw1401-nw9 [+0.0s]: target: certs: initializing target extension
INFO5/standalone toplevel @local|fl31ca105gc1401_5000/fl31ca105gw1401-nw9 [+0.0s]: target: certs: initialized target extension
INFO6/standalone toplevel @local|fl31ca105gc1401_5000/fl31ca105gw1401-nw9 [+0.0s]: target: console: initializing target extension
INFO3/standalone toplevel @local|fl31ca105gc1401_5000/fl31ca105gw1401-nw9 [+0.3s]: reading property 'interfaces.console.default'
INFO4/standalone toplevel @local|fl31ca105gc1401_5000/fl31ca105gw1401-nw9 [+0.6s]: read property 'interfaces.console.default': 'None' [None]
INFO5/standalone toplevel @local|fl31ca105gc1401_5000/fl31ca105gw1401-nw9 [+0.6s]: target: console: initialized target extension
INFO6/standalone toplevel @local|fl31ca105gc1401_5000/fl31ca105gw1401-nw9 [+0.6s]: target: debug: initializing target extension
INFO5/standalone toplevel @local|fl31ca105gc1401_5000/fl31ca105gw1401-nw9 [+0.6s]: target: debug: unneeded target extension
INFO6/standalone toplevel @local|fl31ca105gc1401_5000/fl31ca105gw1401-nw9 [+0.6s]: target: fastboot: initializing target extension
INFO5/standalone toplevel @local|fl31ca105gc1401_5000/fl31ca105gw1401-nw9 [+0.6s]: target: fastboot: unneeded target extension
INFO6/standalone toplevel @local|fl31ca105gc1401_5000/fl31ca105gw1401-nw9 [+0.6s]: target: images: initializing target extension
INFO5/standalone toplevel @local|fl31ca105gc1401_5000/fl31ca105gw1401-nw9 [+0.6s]: target: images: unneeded target extension
INFO6/standalone toplevel @local|fl31ca105gc1401_5000/fl31ca105gw1401-nw9 [+0.6s]: target: input: initializing target extension
INFO5/standalone toplevel @local|fl31ca105gc1401_5000/fl31ca105gw1401-nw9 [+0.6s]: target: input: initialized target extension
INFO6/standalone toplevel @local|fl31ca105gc1401_5000/fl31ca105gw1401-nw9 [+0.6s]: target: shell: initializing target extension
INFO5/standalone toplevel @local|fl31ca105gc1401_5000/fl31ca105gw1401-nw9 [+0.6s]: target: shell: initialized target extension
INFO6/standalone toplevel @local|fl31ca105gc1401_5000/fl31ca105gw1401-nw9 [+0.6s]: target: ssh: initializing target extension
INFO5/standalone toplevel @local|fl31ca105gc1401_5000/fl31ca105gw1401-nw9 [+0.6s]: target: ssh: initialized target extension
INFO6/standalone toplevel @local|fl31ca105gc1401_5000/fl31ca105gw1401-nw9 [+0.6s]: target: store: initializing target extension
INFO5/standalone toplevel @local|fl31ca105gc1401_5000/fl31ca105gw1401-nw9 [+0.6s]: target: store: initialized target extension
INFO6/standalone toplevel @local|fl31ca105gc1401_5000/fl31ca105gw1401-nw9 [+0.6s]: target: power: initializing target extension
INFO5/standalone toplevel @local|fl31ca105gc1401_5000/fl31ca105gw1401-nw9 [+0.6s]: target: power: initialized target extension
INFO6/standalone toplevel @local|fl31ca105gc1401_5000/fl31ca105gw1401-nw9 [+0.6s]: target: things: initializing target extension
INFO5/standalone toplevel @local|fl31ca105gc1401_5000/fl31ca105gw1401-nw9 [+0.6s]: target: things: unneeded target extension
INFO6/standalone toplevel @local|fl31ca105gc1401_5000/fl31ca105gw1401-nw9 [+0.6s]: target: tunnel: initializing target extension
INFO5/standalone toplevel @local|fl31ca105gc1401_5000/fl31ca105gw1401-nw9 [+0.6s]: target: tunnel: initialized target extension
INFO6/standalone toplevel @local|fl31ca105gc1401_5000/fl31ca105gw1401-nw9 [+0.6s]: target: pos: initializing target extension
INFO5/standalone toplevel @local|fl31ca105gc1401_5000/fl31ca105gw1401-nw9 [+0.6s]: target: pos: unneeded target extension
INFO3/standalone toplevel @local|fl31ca105gc1401_5000/fl31ca105gs1404 [+13.9s]: releasing
INFO2/standalone toplevel @local|fl31ca105gc1401_5000/fl31ca105gs1404 [+14.2s]: released
INFO2/standalone toplevel @local|fl31ca105gc1401_5000/fl31ca105gs1404 [+14.2s]: 
INFO3/standalone toplevel @local|fl31ca105gc1401_5000/fl31ca105gw1401-nw9 [+2.6s]: releasing
INFO2/standalone toplevel @local|fl31ca105gc1401_5000/fl31ca105gw1401-nw9 [+3.0s]: released
INFO2/standalone toplevel @local|fl31ca105gc1401_5000/fl31ca105gw1401-nw9 [+3.0s]: 
INFO6/standalone toplevel @local|fl31ca105gc1401_5000/fl31ca105gs1404 [+3.4s]: target: button: initializing target extension
INFO5/standalone toplevel @local|fl31ca105gc1401_5000/fl31ca105gs1404 [+3.4s]: target: button: initialized target extension
INFO6/standalone toplevel @local|fl31ca105gc1401_5000/fl31ca105gs1404 [+3.4s]: target: capture: initializing target extension
INFO5/standalone toplevel @local|fl31ca105gc1401_5000/fl31ca105gs1404 [+3.4s]: target: capture: initialized target extension
INFO6/standalone toplevel @local|fl31ca105gc1401_5000/fl31ca105gs1404 [+3.4s]: target: certs: initializing target extension
INFO5/standalone toplevel @local|fl31ca105gc1401_5000/fl31ca105gs1404 [+3.4s]: target: certs: initialized target extension
INFO6/standalone toplevel @local|fl31ca105gc1401_5000/fl31ca105gs1404 [+3.4s]: target: console: initializing target extension
INFO3/standalone toplevel @local|fl31ca105gc1401_5000/fl31ca105gs1404 [+3.7s]: reading property 'interfaces.console.default'
INFO4/standalone toplevel @local|fl31ca105gc1401_5000/fl31ca105gs1404 [+4.0s]: read property 'interfaces.console.default': 'None' [None]
INFO5/standalone toplevel @local|fl31ca105gc1401_5000/fl31ca105gs1404 [+4.0s]: target: console: initialized target extension
INFO6/standalone toplevel @local|fl31ca105gc1401_5000/fl31ca105gs1404 [+4.0s]: target: debug: initializing target extension
INFO5/standalone toplevel @local|fl31ca105gc1401_5000/fl31ca105gs1404 [+4.0s]: target: debug: unneeded target extension
INFO6/standalone toplevel @local|fl31ca105gc1401_5000/fl31ca105gs1404 [+4.0s]: target: fastboot: initializing target extension
INFO5/standalone toplevel @local|fl31ca105gc1401_5000/fl31ca105gs1404 [+4.0s]: target: fastboot: unneeded target extension
INFO6/standalone toplevel @local|fl31ca105gc1401_5000/fl31ca105gs1404 [+4.0s]: target: images: initializing target extension
INFO5/standalone toplevel @local|fl31ca105gc1401_5000/fl31ca105gs1404 [+4.0s]: target: images: initialized target extension
INFO6/standalone toplevel @local|fl31ca105gc1401_5000/fl31ca105gs1404 [+4.0s]: target: input: initializing target extension
INFO5/standalone toplevel @local|fl31ca105gc1401_5000/fl31ca105gs1404 [+4.0s]: target: input: initialized target extension
INFO6/standalone toplevel @local|fl31ca105gc1401_5000/fl31ca105gs1404 [+4.0s]: target: shell: initializing target extension
INFO5/standalone toplevel @local|fl31ca105gc1401_5000/fl31ca105gs1404 [+4.0s]: target: shell: initialized target extension
INFO6/standalone toplevel @local|fl31ca105gc1401_5000/fl31ca105gs1404 [+4.0s]: target: ssh: initializing target extension
INFO5/standalone toplevel @local|fl31ca105gc1401_5000/fl31ca105gs1404 [+4.0s]: target: ssh: initialized target extension
INFO6/standalone toplevel @local|fl31ca105gc1401_5000/fl31ca105gs1404 [+4.0s]: target: store: initializing target extension
INFO5/standalone toplevel @local|fl31ca105gc1401_5000/fl31ca105gs1404 [+4.0s]: target: store: initialized target extension
INFO6/standalone toplevel @local|fl31ca105gc1401_5000/fl31ca105gs1404 [+4.0s]: target: power: initializing target extension
INFO5/standalone toplevel @local|fl31ca105gc1401_5000/fl31ca105gs1404 [+4.0s]: target: power: initialized target extension
INFO6/standalone toplevel @local|fl31ca105gc1401_5000/fl31ca105gs1404 [+4.0s]: target: things: initializing target extension
INFO5/standalone toplevel @local|fl31ca105gc1401_5000/fl31ca105gs1404 [+4.0s]: target: things: unneeded target extension
INFO6/standalone toplevel @local|fl31ca105gc1401_5000/fl31ca105gs1404 [+4.0s]: target: tunnel: initializing target extension
INFO5/standalone toplevel @local|fl31ca105gc1401_5000/fl31ca105gs1404 [+4.0s]: target: tunnel: initialized target extension
INFO6/standalone toplevel @local|fl31ca105gc1401_5000/fl31ca105gs1404 [+4.0s]: target: pos: initializing target extension
INFO5/standalone toplevel @local|fl31ca105gc1401_5000/fl31ca105gs1404 [+4.0s]: target: pos: initialized target extension
INFO6/standalone toplevel @local|fl31ca105gc1401_5000/fl31ca105gw1401-nw9 [+0.0s]: target: button: initializing target extension
INFO5/standalone toplevel @local|fl31ca105gc1401_5000/fl31ca105gw1401-nw9 [+0.0s]: target: button: unneeded target extension
INFO6/standalone toplevel @local|fl31ca105gc1401_5000/fl31ca105gw1401-nw9 [+0.0s]: target: capture: initializing target extension
INFO5/standalone toplevel @local|fl31ca105gc1401_5000/fl31ca105gw1401-nw9 [+0.0s]: target: capture: unneeded target extension
INFO6/standalone toplevel @local|fl31ca105gc1401_5000/fl31ca105gw1401-nw9 [+0.0s]: target: certs: initializing target extension
INFO5/standalone toplevel @local|fl31ca105gc1401_5000/fl31ca105gw1401-nw9 [+0.0s]: target: certs: initialized target extension
INFO6/standalone toplevel @local|fl31ca105gc1401_5000/fl31ca105gw1401-nw9 [+0.0s]: target: console: initializing target extension
INFO3/standalone toplevel @local|fl31ca105gc1401_5000/fl31ca105gw1401-nw9 [+0.3s]: reading property 'interfaces.console.default'
INFO4/standalone toplevel @local|fl31ca105gc1401_5000/fl31ca105gw1401-nw9 [+0.7s]: read property 'interfaces.console.default': 'None' [None]
INFO5/standalone toplevel @local|fl31ca105gc1401_5000/fl31ca105gw1401-nw9 [+0.7s]: target: console: initialized target extension
INFO6/standalone toplevel @local|fl31ca105gc1401_5000/fl31ca105gw1401-nw9 [+0.7s]: target: debug: initializing target extension
INFO5/standalone toplevel @local|fl31ca105gc1401_5000/fl31ca105gw1401-nw9 [+0.7s]: target: debug: unneeded target extension
INFO6/standalone toplevel @local|fl31ca105gc1401_5000/fl31ca105gw1401-nw9 [+0.7s]: target: fastboot: initializing target extension
INFO5/standalone toplevel @local|fl31ca105gc1401_5000/fl31ca105gw1401-nw9 [+0.7s]: target: fastboot: unneeded target extension
INFO6/standalone toplevel @local|fl31ca105gc1401_5000/fl31ca105gw1401-nw9 [+0.7s]: target: images: initializing target extension
INFO5/standalone toplevel @local|fl31ca105gc1401_5000/fl31ca105gw1401-nw9 [+0.7s]: target: images: unneeded target extension
INFO6/standalone toplevel @local|fl31ca105gc1401_5000/fl31ca105gw1401-nw9 [+0.7s]: target: input: initializing target extension
INFO5/standalone toplevel @local|fl31ca105gc1401_5000/fl31ca105gw1401-nw9 [+0.7s]: target: input: initialized target extension
INFO6/standalone toplevel @local|fl31ca105gc1401_5000/fl31ca105gw1401-nw9 [+0.7s]: target: shell: initializing target extension
INFO5/standalone toplevel @local|fl31ca105gc1401_5000/fl31ca105gw1401-nw9 [+0.7s]: target: shell: initialized target extension
INFO6/standalone toplevel @local|fl31ca105gc1401_5000/fl31ca105gw1401-nw9 [+0.7s]: target: ssh: initializing target extension
INFO5/standalone toplevel @local|fl31ca105gc1401_5000/fl31ca105gw1401-nw9 [+0.7s]: target: ssh: initialized target extension
INFO6/standalone toplevel @local|fl31ca105gc1401_5000/fl31ca105gw1401-nw9 [+0.7s]: target: store: initializing target extension
INFO5/standalone toplevel @local|fl31ca105gc1401_5000/fl31ca105gw1401-nw9 [+0.7s]: target: store: initialized target extension
INFO6/standalone toplevel @local|fl31ca105gc1401_5000/fl31ca105gw1401-nw9 [+0.7s]: target: power: initializing target extension
INFO5/standalone toplevel @local|fl31ca105gc1401_5000/fl31ca105gw1401-nw9 [+0.7s]: target: power: initialized target extension
INFO6/standalone toplevel @local|fl31ca105gc1401_5000/fl31ca105gw1401-nw9 [+0.7s]: target: things: initializing target extension
INFO5/standalone toplevel @local|fl31ca105gc1401_5000/fl31ca105gw1401-nw9 [+0.7s]: target: things: unneeded target extension
